[01:46:04.543][INFO][CraftTweaker-EarlyInit]: CraftTweaker is running on a Minecraft 1.20.1 production server modded with platform Forge
[01:46:04.570][INFO][CraftTweaker-EarlyInit]: Successfully injected RecipeFS file system
[01:46:04.631][INFO][CraftTweaker-Plugins]: Successfully identified and loaded plugin crafttweaker:builtin
[01:46:04.632][INFO][CraftTweaker-Plugins]: Successfully identified and loaded plugin crafttweaker:builtin_forge
[01:46:04.634][INFO][CraftTweaker-Plugins]: Successfully identified and loaded plugin createtweaker:main
[01:46:04.637][INFO][CraftTweaker-Plugins]: Successfully identified and loaded plugin farmersdelight:crafttweaker_plugin
[01:46:04.640][INFO][CraftTweaker-Plugins]: Successfully identified and loaded plugin refurbished_furniture:plugin
[01:46:05.815][INFO][CraftTweaker]: The following mods have explicit CraftTweaker support through the default plugin:
[01:46:05.816][INFO][CraftTweaker]: - 'crafttweaker' at version '14.0.48'
[01:46:05.816][INFO][CraftTweaker]: - 'createtweaker' at version '4.0.13'
[01:46:05.816][INFO][CraftTweaker]: - 'farmersdelight' at version '1.20.1-1.2.6'
[01:46:05.816][INFO][CraftTweaker]: - 'refurbished_furniture' at version '1.0.8'
[01:46:13.276][INFO][CraftTweaker-ZenCode]: Started loading scripts for loader 'initialize'
[01:46:14.059][INFO][CraftTweaker-ZenCode]: Compiling and executing scripts
[01:46:14.092][INFO][CraftTweaker-ZenCode]: Successfully initialized modules [crafttweaker, expansions]
[01:46:14.181][INFO][CraftTweaker-ZenCode]: Execution for loader 'initialize' completed successfully
[01:46:35.849][INFO][CraftTweaker-ZenCode]: Started loading scripts for loader 'tags'
[01:46:35.926][INFO][CraftTweaker-ZenCode]: Compiling and executing scripts
[01:46:35.955][INFO][CraftTweaker-ZenCode]: Successfully initialized modules [crafttweaker, expansions]
[01:46:35.979][INFO][CraftTweaker-ZenCode]: Execution for loader 'tags' completed successfully
[01:46:37.101][INFO][CraftTweaker]: crafttweaker.reload.start
[01:46:37.106][INFO][CraftTweaker-ZenCode]: Started loading scripts for loader 'crafttweaker'
[01:46:37.155][INFO][CraftTweaker-ZenCode]: Compiling and executing scripts
[01:46:37.583][INFO][CraftTweaker-ZenCode]: Successfully initialized modules [mods, crafttweaker, expansions]
[01:46:37.596][INFO][CraftTweaker-ZenCode]: Execution for loader 'crafttweaker' completed successfully
[01:46:37.598][INFO][CraftTweaker]: crafttweaker.reload.complete
