[03May2025 00:03:24.097] [Server thread/INFO] [hordes/]: [net.smileycorp.hordes.hordeevent.capability.HordeEvent@5507e394]Trying to start horde event on day 40 with nextDay 40 and time 10000
[03May2025 00:03:24.104] [Server thread/INFO] [hordes/]: Applying script hordes:default for event net.smileycorp.hordes.common.event.HordeBuildSpawnDataEvent@44c65cdc
[03May2025 00:03:24.105] [Server thread/INFO] [hordes/]: Adding entry HordeSpawnEntry[type=entity.minecraft.zombie_horse,weight=3,minDay=20,maxDay=40] to hordespawn on day 30
[03May2025 00:03:24.105] [Server thread/INFO] [hordes/]: Adding entry HordeSpawnEntry[type=entity.minecraft.husk,weight=40,minDay=20,maxDay=40] to hordespawn on day 30
[03May2025 00:03:24.105] [Server thread/INFO] [hordes/]: Adding entry HordeSpawnEntry[type=entity.minecraft.drowned,weight=3,minDay=30,maxDay=40]{{HandItems:[{Count:1,id:"trident"}],id:"minecraft:drowned"}} to hordespawn on day 30
[03May2025 00:03:24.160] [Server thread/INFO] [hordes/]: Adding entry HordeSpawnEntry[type=entity.minecraft.zombie_horse,weight=3,minDay=20,maxDay=40] to hordespawn on day 40
[03May2025 00:03:24.160] [Server thread/INFO] [hordes/]: Adding entry HordeSpawnEntry[type=entity.minecraft.husk,weight=40,minDay=20,maxDay=40] to hordespawn on day 40
[03May2025 00:03:24.161] [Server thread/INFO] [hordes/]: Adding entry HordeSpawnEntry[type=entity.minecraft.drowned,weight=3,minDay=30,maxDay=40]{{HandItems:[{Count:1,id:"trident"}],id:"minecraft:drowned"}} to hordespawn on day 40
[03May2025 00:03:24.161] [Server thread/INFO] [hordes/]: Adding entry HordeSpawnEntry[type=entity.minecraft.zoglin,weight=3,minDay=40,maxDay=40] to hordespawn on day 40
[03May2025 00:03:24.161] [Server thread/INFO] [hordes/]: Adding entry HordeSpawnEntry[type=entity.minecraft.zombified_piglin,weight=10,minDay=40,maxDay=0] to hordespawn on day 40
[03May2025 00:04:14.151] [Server thread/INFO] [hordes/]: Adding entry HordeSpawnEntry[type=entity.minecraft.zombie_horse,weight=3,minDay=20,maxDay=40] to hordespawn on day 40
[03May2025 00:04:14.151] [Server thread/INFO] [hordes/]: Adding entry HordeSpawnEntry[type=entity.minecraft.husk,weight=40,minDay=20,maxDay=40] to hordespawn on day 40
[03May2025 00:04:14.152] [Server thread/INFO] [hordes/]: Adding entry HordeSpawnEntry[type=entity.minecraft.drowned,weight=3,minDay=30,maxDay=40]{{HandItems:[{Count:1,id:"trident"}],id:"minecraft:drowned"}} to hordespawn on day 40
[03May2025 00:04:14.152] [Server thread/INFO] [hordes/]: Adding entry HordeSpawnEntry[type=entity.minecraft.zoglin,weight=3,minDay=40,maxDay=40] to hordespawn on day 40
[03May2025 00:04:14.152] [Server thread/INFO] [hordes/]: Adding entry HordeSpawnEntry[type=entity.minecraft.zombified_piglin,weight=10,minDay=40,maxDay=0] to hordespawn on day 40
[03May2025 00:05:04.155] [Server thread/INFO] [hordes/]: Adding entry HordeSpawnEntry[type=entity.minecraft.zombie_horse,weight=3,minDay=20,maxDay=40] to hordespawn on day 40
[03May2025 00:05:04.155] [Server thread/INFO] [hordes/]: Adding entry HordeSpawnEntry[type=entity.minecraft.husk,weight=40,minDay=20,maxDay=40] to hordespawn on day 40
[03May2025 00:05:04.156] [Server thread/INFO] [hordes/]: Adding entry HordeSpawnEntry[type=entity.minecraft.drowned,weight=3,minDay=30,maxDay=40]{{HandItems:[{Count:1,id:"trident"}],id:"minecraft:drowned"}} to hordespawn on day 40
[03May2025 00:05:04.156] [Server thread/INFO] [hordes/]: Adding entry HordeSpawnEntry[type=entity.minecraft.zoglin,weight=3,minDay=40,maxDay=40] to hordespawn on day 40
[03May2025 00:05:04.156] [Server thread/INFO] [hordes/]: Adding entry HordeSpawnEntry[type=entity.minecraft.zombified_piglin,weight=10,minDay=40,maxDay=0] to hordespawn on day 40
[03May2025 00:05:34.293] [Server thread/INFO] [net.minecraft.server.MinecraftServer/]: AlonsoVanDeKap was slain by A1lenSS
[03May2025 00:05:35.561] [Server thread/WARN] [dev.gigaherz.toolbelt.slot.BeltExtensionSlot/]: New entity has data, contents assigned.
[03May2025 00:05:54.187] [Server thread/INFO] [hordes/]: Adding entry HordeSpawnEntry[type=entity.minecraft.zombie_horse,weight=3,minDay=20,maxDay=40] to hordespawn on day 40
[03May2025 00:05:54.187] [Server thread/INFO] [hordes/]: Adding entry HordeSpawnEntry[type=entity.minecraft.husk,weight=40,minDay=20,maxDay=40] to hordespawn on day 40
[03May2025 00:05:54.187] [Server thread/INFO] [hordes/]: Adding entry HordeSpawnEntry[type=entity.minecraft.drowned,weight=3,minDay=30,maxDay=40]{{HandItems:[{Count:1,id:"trident"}],id:"minecraft:drowned"}} to hordespawn on day 40
[03May2025 00:05:54.188] [Server thread/INFO] [hordes/]: Adding entry HordeSpawnEntry[type=entity.minecraft.zoglin,weight=3,minDay=40,maxDay=40] to hordespawn on day 40
[03May2025 00:05:54.188] [Server thread/INFO] [hordes/]: Adding entry HordeSpawnEntry[type=entity.minecraft.zombified_piglin,weight=10,minDay=40,maxDay=0] to hordespawn on day 40
[03May2025 00:06:44.708] [Server thread/INFO] [hordes/]: Adding entry HordeSpawnEntry[type=entity.minecraft.zombie_horse,weight=3,minDay=20,maxDay=40] to hordespawn on day 40
[03May2025 00:06:44.708] [Server thread/INFO] [hordes/]: Adding entry HordeSpawnEntry[type=entity.minecraft.husk,weight=40,minDay=20,maxDay=40] to hordespawn on day 40
[03May2025 00:06:44.708] [Server thread/INFO] [hordes/]: Adding entry HordeSpawnEntry[type=entity.minecraft.drowned,weight=3,minDay=30,maxDay=40]{{HandItems:[{Count:1,id:"trident"}],id:"minecraft:drowned"}} to hordespawn on day 40
[03May2025 00:06:44.709] [Server thread/INFO] [hordes/]: Adding entry HordeSpawnEntry[type=entity.minecraft.zoglin,weight=3,minDay=40,maxDay=40] to hordespawn on day 40
[03May2025 00:06:44.709] [Server thread/INFO] [hordes/]: Adding entry HordeSpawnEntry[type=entity.minecraft.zombified_piglin,weight=10,minDay=40,maxDay=0] to hordespawn on day 40
[03May2025 00:07:22.409] [Server thread/WARN] [net.minecraft.server.MinecraftServer/]: Can't keep up! Is the server overloaded? Running 2001ms or 40 ticks behind
[03May2025 00:07:37.171] [Server thread/INFO] [hordes/]: Adding entry HordeSpawnEntry[type=entity.minecraft.zombie_horse,weight=3,minDay=20,maxDay=40] to hordespawn on day 40
[03May2025 00:07:37.171] [Server thread/INFO] [hordes/]: Adding entry HordeSpawnEntry[type=entity.minecraft.husk,weight=40,minDay=20,maxDay=40] to hordespawn on day 40
[03May2025 00:07:37.172] [Server thread/INFO] [hordes/]: Adding entry HordeSpawnEntry[type=entity.minecraft.drowned,weight=3,minDay=30,maxDay=40]{{HandItems:[{Count:1,id:"trident"}],id:"minecraft:drowned"}} to hordespawn on day 40
[03May2025 00:07:37.172] [Server thread/INFO] [hordes/]: Adding entry HordeSpawnEntry[type=entity.minecraft.zoglin,weight=3,minDay=40,maxDay=40] to hordespawn on day 40
[03May2025 00:07:37.172] [Server thread/INFO] [hordes/]: Adding entry HordeSpawnEntry[type=entity.minecraft.zombified_piglin,weight=10,minDay=40,maxDay=0] to hordespawn on day 40
[03May2025 00:07:52.565] [Server thread/WARN] [net.minecraft.server.MinecraftServer/]: Can't keep up! Is the server overloaded? Running 2007ms or 40 ticks behind
[03May2025 00:08:09.859] [Server thread/WARN] [net.minecraft.server.MinecraftServer/]: Can't keep up! Is the server overloaded? Running 2001ms or 40 ticks behind
[03May2025 00:08:27.015] [Server thread/WARN] [net.minecraft.server.MinecraftServer/]: Can't keep up! Is the server overloaded? Running 2157ms or 43 ticks behind
[03May2025 00:08:47.032] [Server thread/WARN] [net.minecraft.server.MinecraftServer/]: Can't keep up! Is the server overloaded? Running 2024ms or 40 ticks behind
[03May2025 00:09:04.769] [Server thread/WARN] [net.minecraft.server.MinecraftServer/]: Can't keep up! Is the server overloaded? Running 2761ms or 55 ticks behind
[03May2025 00:09:23.027] [Server thread/WARN] [net.minecraft.server.MinecraftServer/]: Can't keep up! Is the server overloaded? Running 3269ms or 65 ticks behind
[03May2025 00:09:41.964] [Server thread/WARN] [net.minecraft.server.MinecraftServer/]: Can't keep up! Is the server overloaded? Running 3956ms or 79 ticks behind
[03May2025 00:10:00.856] [Server thread/WARN] [net.minecraft.server.MinecraftServer/]: Can't keep up! Is the server overloaded? Running 3898ms or 77 ticks behind
[03May2025 00:10:19.294] [Server thread/WARN] [net.minecraft.server.MinecraftServer/]: Can't keep up! Is the server overloaded? Running 3486ms or 69 ticks behind
[03May2025 00:10:38.797] [Server thread/WARN] [net.minecraft.server.MinecraftServer/]: Can't keep up! Is the server overloaded? Running 4539ms or 90 ticks behind
[03May2025 00:10:58.338] [Server thread/WARN] [net.minecraft.server.MinecraftServer/]: Can't keep up! Is the server overloaded? Running 4580ms or 91 ticks behind
[03May2025 00:11:21.334] [Server thread/WARN] [net.minecraft.server.MinecraftServer/]: Can't keep up! Is the server overloaded? Running 2026ms or 40 ticks behind
[03May2025 00:14:42.649] [Server thread/INFO] [net.minecraft.server.MinecraftServer/]: AlonsoVanDeKap was slain by ANGELXD12377
[03May2025 00:14:43.886] [Server thread/WARN] [dev.gigaherz.toolbelt.slot.BeltExtensionSlot/]: New entity has data, contents assigned.
